{"level":"error","message":"Fri Oct 27 2023 15:27:35 GMT+0530 (India Standard Time)-{\"errno\":-4058,\"code\":\"ENOENT\",\"syscall\":\"open\",\"path\":\"D:\\\\Yako Byte\\\\Rentworthy-Backend-NodeJS\\\\upload\\\\uploads\\\\1698400655852-0.7659372468870493.jpg\",\"storageErrors\":[]}","private":true}
{"level":"error","message":"Fri Oct 27 2023 15:28:28 GMT+0530 (India Standard Time)-{\"errno\":-4058,\"code\":\"ENOENT\",\"syscall\":\"open\",\"path\":\"D:\\\\Yako Byte\\\\Rentworthy-Backend-NodeJS\\\\upload\\\\uploads\\\\1698400708163-0.8889892032231324.jpg\",\"storageErrors\":[]}","private":true}
{"level":"error","message":"Tue Oct 31 2023 11:39:32 GMT+0530 (India Standard Time)-{\"name\":\"Data Not found\",\"statusCode\":{},\"isOperational\":true,\"errorStack\":false,\"logError\":false}","private":true}
{"level":"error","message":"Tue Oct 31 2023 11:41:07 GMT+0530 (India Standard Time)-{\"name\":\"MulterError\",\"message\":\"Unexpected field\",\"code\":\"LIMIT_UNEXPECTED_FILE\",\"field\":\"image2\",\"storageErrors\":[]}","private":true}
{"level":"error","message":"Tue Oct 31 2023 11:41:40 GMT+0530 (India Standard Time)-{\"name\":\"Data Not found\",\"statusCode\":{},\"isOperational\":true,\"errorStack\":false,\"logError\":false}","private":true}
{"level":"error","message":"Tue Oct 31 2023 11:42:21 GMT+0530 (India Standard Time)-{\"name\":\"Data Not found\",\"statusCode\":{},\"isOperational\":true,\"errorStack\":false,\"logError\":false}","private":true}
{"level":"error","message":"Tue Oct 31 2023 11:53:54 GMT+0530 (India Standard Time)-{\"name\":\"Data Not found\",\"statusCode\":{\"name\":\"API Error\",\"statusCode\":500,\"isOperational\":true,\"errorStack\":false,\"logError\":false},\"isOperational\":true,\"errorStack\":false,\"logError\":false}","private":true}
{"level":"error","message":"Tue Oct 31 2023 16:51:01 GMT+0530 (India Standard Time)-{\"name\":\"MulterError\",\"message\":\"Unexpected field\",\"code\":\"LIMIT_UNEXPECTED_FILE\",\"field\":\"images\",\"storageErrors\":[]}","private":true}
{"level":"error","message":"Mon Nov 06 2023 13:12:58 GMT+0530 (India Standard Time)-{\"storageErrors\":[]}","private":true}
{"level":"error","message":"Mon Nov 06 2023 13:18:08 GMT+0530 (India Standard Time)-{\"storageErrors\":[]}","private":true}
{"level":"error","message":"Wed Nov 08 2023 09:28:04 GMT+0530 (India Standard Time)-{\"storageErrors\":[]}","private":true}
{"level":"error","message":"Thu Dec 14 2023 16:04:06 GMT+0530 (India Standard Time)-{\"storageErrors\":[]}","private":true}
{"level":"error","message":"Sat Dec 23 2023 11:05:15 GMT+0530 (India Standard Time)-{\"storageErrors\":[]}","private":true}
{"level":"error","message":"Wed Jan 17 2024 00:46:37 GMT+0530 (India Standard Time)-{\"name\":\"Data Not found\",\"statusCode\":{},\"isOperational\":true,\"errorStack\":false,\"logError\":false}","private":true}
{"level":"error","message":"Wed Jan 17 2024 01:00:42 GMT+0530 (India Standard Time)-{\"name\":\"Data Not found\",\"statusCode\":{},\"isOperational\":true,\"errorStack\":false,\"logError\":false}","private":true}
{"level":"error","message":"Wed Jan 17 2024 01:04:56 GMT+0530 (India Standard Time)-{\"name\":\"Data Not found\",\"statusCode\":{},\"isOperational\":true,\"errorStack\":false,\"logError\":false}","private":true}
{"level":"error","message":"Wed Jan 17 2024 16:49:33 GMT+0530 (India Standard Time)-{\"storageErrors\":[]}","private":true}
{"level":"error","message":"Wed Jan 17 2024 21:22:13 GMT+0530 (India Standard Time)-{\"storageErrors\":[]}","private":true}
{"level":"error","message":"Wed Jan 17 2024 21:23:22 GMT+0530 (India Standard Time)-{\"storageErrors\":[]}","private":true}
{"level":"error","message":"Wed Jan 17 2024 21:25:21 GMT+0530 (India Standard Time)-{\"storageErrors\":[]}","private":true}
{"level":"error","message":"Wed Jan 17 2024 21:28:40 GMT+0530 (India Standard Time)-{\"storageErrors\":[]}","private":true}
{"level":"error","message":"Wed Jan 17 2024 21:37:01 GMT+0530 (India Standard Time)-{\"storageErrors\":[]}","private":true}
